# JRE version: OpenJDK Runtime Environment Temurin-17.0.7+7 (17.0.7+7) (build 17.0.7+7)
# Java VM: OpenJDK 64-Bit Server VM Temurin-17.0.7+7 (17.0.7+7, mixed mode, emulated-client, tiered, compressed oops, compressed class ptrs, g1 gc, windows-amd64)
GC Precious Log:
 CPUs: 4 total, 4 available
 Memory: 3910M
 Large Page Support: Disabled
 NUMA Support: Disabled
 Compressed Oops: Enabled (32-bit)
 Heap Region Size: 1M
 Heap Min Capacity: 8M
 Heap Initial Capacity: 62M
 Heap Max Capacity: 978M
 Pre-touch: Disabled
 Parallel Workers: 4
 Concurrent Workers: 1
 Concurrent Refinement Workers: 4
 Periodic GC: Disabled
Heap:
 garbage-first heap   total 78848K, used 32517K [0x00000000c2e00000, 0x0000000100000000)
  region size 1024K, 3 young (3072K), 3 survivors (3072K)
 Metaspace       used 45737K, committed 46144K, reserved 1114112K
  class space    used 5842K, committed 6016K, reserved 1048576K
GC Heap History (20 events):
Event: 2.068 GC heap after
{Heap after GC invocations=3 (full 0):
 garbage-first heap   total 63488K, used 9943K [0x00000000c2e00000, 0x0000000100000000)
  region size 1024K, 2 young (2048K), 2 survivors (2048K)
 Metaspace       used 17874K, committed 18048K, reserved 1114112K
  class space    used 1969K, committed 2048K, reserved 1048576K
}
Event: 2.684 GC heap before
{Heap before GC invocations=3 (full 0):
 garbage-first heap   total 63488K, used 25303K [0x00000000c2e00000, 0x0000000100000000)
  region size 1024K, 19 young (19456K), 2 survivors (2048K)
 Metaspace       used 21234K, committed 21504K, reserved 1114112K
  class space    used 2493K, committed 2624K, reserved 1048576K
}
Event: 2.690 GC heap after
{Heap after GC invocations=4 (full 0):
 garbage-first heap   total 63488K, used 11145K [0x00000000c2e00000, 0x0000000100000000)
  region size 1024K, 3 young (3072K), 3 survivors (3072K)
 Metaspace       used 21234K, committed 21504K, reserved 1114112K
  class space    used 2493K, committed 2624K, reserved 1048576K
}
Event: 3.123 GC heap before
{Heap before GC invocations=5 (full 0):
 garbage-first heap   total 40960K, used 30601K [0x00000000c2e00000, 0x0000000100000000)
  region size 1024K, 24 young (24576K), 3 survivors (3072K)
 Metaspace       used 24840K, committed 25152K, reserved 1114112K
  class space    used 3097K, committed 3200K, reserved 1048576K
}
Event: 3.130 GC heap after
{Heap after GC invocations=6 (full 0):
 garbage-first heap   total 40960K, used 12206K [0x00000000c2e00000, 0x0000000100000000)
  region size 1024K, 4 young (4096K), 4 survivors (4096K)
 Metaspace       used 24840K, committed 25152K, reserved 1114112K
  class space    used 3097K, committed 3200K, reserved 1048576K
}
Event: 3.144 GC heap before
{Heap before GC invocations=6 (full 0):
 garbage-first heap   total 40960K, used 13230K [0x00000000c2e00000, 0x0000000100000000)
  region size 1024K, 5 young (5120K), 4 survivors (4096K)
 Metaspace       used 25079K, committed 25408K, reserved 1114112K
  class space    used 3113K, committed 3264K, reserved 1048576K
}
Event: 3.149 GC heap after
{Heap after GC invocations=7 (full 0):
 garbage-first heap   total 40960K, used 12520K [0x00000000c2e00000, 0x0000000100000000)
  region size 1024K, 1 young (1024K), 1 survivors (1024K)
 Metaspace       used 25079K, committed 25408K, reserved 1114112K
  class space    used 3113K, committed 3264K, reserved 1048576K
}
Event: 3.364 GC heap before
{Heap before GC invocations=7 (full 0):
 garbage-first heap   total 40960K, used 26856K [0x00000000c2e00000, 0x0000000100000000)
  region size 1024K, 16 young (16384K), 1 survivors (1024K)
 Metaspace       used 27955K, committed 28224K, reserved 1114112K
  class space    used 3399K, committed 3520K, reserved 1048576K
}
Event: 3.367 GC heap after
{Heap after GC invocations=8 (full 0):
 garbage-first heap   total 78848K, used 13476K [0x00000000c2e00000, 0x0000000100000000)
  region size 1024K, 2 young (2048K), 2 survivors (2048K)
 Metaspace       used 27955K, committed 28224K, reserved 1114112K
  class space    used 3399K, committed 3520K, reserved 1048576K
}
Event: 4.323 GC heap before
{Heap before GC invocations=8 (full 0):
 garbage-first heap   total 78848K, used 57508K [0x00000000c2e00000, 0x0000000100000000)
  region size 1024K, 45 young (46080K), 2 survivors (2048K)
 Metaspace       used 32518K, committed 32896K, reserved 1114112K
  class space    used 4079K, committed 4224K, reserved 1048576K
}
Event: 4.329 GC heap after
{Heap after GC invocations=9 (full 0):
 garbage-first heap   total 78848K, used 16105K [0x00000000c2e00000, 0x0000000100000000)
  region size 1024K, 5 young (5120K), 5 survivors (5120K)
 Metaspace       used 32518K, committed 32896K, reserved 1114112K
  class space    used 4079K, committed 4224K, reserved 1048576K
}
Event: 5.094 GC heap before
{Heap before GC invocations=9 (full 0):
 garbage-first heap   total 78848K, used 39657K [0x00000000c2e00000, 0x0000000100000000)
  region size 1024K, 30 young (30720K), 5 survivors (5120K)
 Metaspace       used 35712K, committed 36096K, reserved 1114112K
  class space    used 4571K, committed 4736K, reserved 1048576K
}
Event: 5.105 GC heap after
{Heap after GC invocations=10 (full 0):
 garbage-first heap   total 78848K, used 18252K [0x00000000c2e00000, 0x0000000100000000)
  region size 1024K, 5 young (5120K), 5 survivors (5120K)
 Metaspace       used 35712K, committed 36096K, reserved 1114112K
  class space    used 4571K, committed 4736K, reserved 1048576K
}
Event: 5.851 GC heap before
{Heap before GC invocations=11 (full 0):
 garbage-first heap   total 68608K, used 56140K [0x00000000c2e00000, 0x0000000100000000)
  region size 1024K, 38 young (38912K), 5 survivors (5120K)
 Metaspace       used 40077K, committed 40512K, reserved 1114112K
  class space    used 5167K, committed 5376K, reserved 1048576K
}
Event: 5.863 GC heap after
{Heap after GC invocations=12 (full 0):
 garbage-first heap   total 68608K, used 26413K [0x00000000c2e00000, 0x0000000100000000)
  region size 1024K, 5 young (5120K), 5 survivors (5120K)
 Metaspace       used 40077K, committed 40512K, reserved 1114112K
  class space    used 5167K, committed 5376K, reserved 1048576K
}
Event: 5.868 GC heap before
{Heap before GC invocations=12 (full 0):
 garbage-first heap   total 68608K, used 27437K [0x00000000c2e00000, 0x0000000100000000)
  region size 1024K, 6 young (6144K), 5 survivors (5120K)
 Metaspace       used 40077K, committed 40512K, reserved 1114112K
  class space    used 5167K, committed 5376K, reserved 1048576K
}
Event: 5.876 GC heap after
{Heap after GC invocations=13 (full 0):
 garbage-first heap   total 68608K, used 27268K [0x00000000c2e00000, 0x0000000100000000)
  region size 1024K, 1 young (1024K), 1 survivors (1024K)
 Metaspace       used 40077K, committed 40512K, reserved 1114112K
  class space    used 5167K, committed 5376K, reserved 1048576K
}
Event: 6.282 GC heap before
{Heap before GC invocations=13 (full 0):
 garbage-first heap   total 68608K, used 50820K [0x00000000c2e00000, 0x0000000100000000)
  region size 1024K, 24 young (24576K), 1 survivors (1024K)
 Metaspace       used 41214K, committed 41728K, reserved 1114112K
  class space    used 5314K, committed 5568K, reserved 1048576K
}
Event: 6.288 GC heap after
{Heap after GC invocations=14 (full 0):
 garbage-first heap   total 68608K, used 30165K [0x00000000c2e00000, 0x0000000100000000)
  region size 1024K, 3 young (3072K), 3 survivors (3072K)
 Metaspace       used 41214K, committed 41728K, reserved 1114112K
  class space    used 5314K, committed 5568K, reserved 1048576K
}
Event: 7.088 GC heap before
{Heap before GC invocations=14 (full 0):
 garbage-first heap   total 68608K, used 51669K [0x00000000c2e00000, 0x0000000100000000)
  region size 1024K, 24 young (24576K), 3 survivors (3072K)
 Metaspace       used 45737K, committed 46144K, reserved 1114112K
  class space    used 5842K, committed 6016K, reserved 1048576K
}

