# JRE version: OpenJDK Runtime Environment Temurin-17.0.7+7 (17.0.7+7) (build 17.0.7+7)
# Java VM: OpenJDK 64-Bit Server VM Temurin-17.0.7+7 (17.0.7+7, mixed mode, emulated-client, tiered, compressed oops, compressed class ptrs, g1 gc, windows-amd64)
GC Precious Log:
 CPUs: 4 total, 4 available
 Memory: 3910M
 Large Page Support: Disabled
 NUMA Support: Disabled
 Compressed Oops: Enabled (32-bit)
 Heap Region Size: 1M
 Heap Min Capacity: 8M
 Heap Initial Capacity: 62M
 Heap Max Capacity: 978M
 Pre-touch: Disabled
 Parallel Workers: 4
 Concurrent Workers: 1
 Concurrent Refinement Workers: 4
 Periodic GC: Disabled
Heap:
 garbage-first heap   total 73728K, used 36935K [0x00000000c2e00000, 0x0000000100000000)
  region size 1024K, 1 young (1024K), 1 survivors (1024K)
 Metaspace       used 78005K, committed 78912K, reserved 1179648K
  class space    used 10818K, committed 11200K, reserved 1048576K
GC Heap History (20 events):
Event: 11.147 GC heap after
{Heap after GC invocations=24 (full 0):
 garbage-first heap   total 73728K, used 35145K [0x00000000c2e00000, 0x0000000100000000)
  region size 1024K, 4 young (4096K), 4 survivors (4096K)
 Metaspace       used 66703K, committed 67264K, reserved 1114112K
  class space    used 9151K, committed 9408K, reserved 1048576K
}
Event: 11.700 GC heap before
{Heap before GC invocations=24 (full 0):
 garbage-first heap   total 73728K, used 58697K [0x00000000c2e00000, 0x0000000100000000)
  region size 1024K, 27 young (27648K), 4 survivors (4096K)
 Metaspace       used 68562K, committed 69120K, reserved 1114112K
  class space    used 9449K, committed 9728K, reserved 1048576K
}
Event: 11.707 GC heap after
{Heap after GC invocations=25 (full 0):
 garbage-first heap   total 73728K, used 36974K [0x00000000c2e00000, 0x0000000100000000)
  region size 1024K, 4 young (4096K), 4 survivors (4096K)
 Metaspace       used 68562K, committed 69120K, reserved 1114112K
  class space    used 9449K, committed 9728K, reserved 1048576K
}
Event: 12.264 GC heap before
{Heap before GC invocations=25 (full 0):
 garbage-first heap   total 73728K, used 59502K [0x00000000c2e00000, 0x0000000100000000)
  region size 1024K, 26 young (26624K), 4 survivors (4096K)
 Metaspace       used 71026K, committed 71488K, reserved 1114112K
  class space    used 9830K, committed 10048K, reserved 1048576K
}
Event: 12.278 GC heap after
{Heap after GC invocations=26 (full 0):
 garbage-first heap   total 73728K, used 39071K [0x00000000c2e00000, 0x0000000100000000)
  region size 1024K, 4 young (4096K), 4 survivors (4096K)
 Metaspace       used 71026K, committed 71488K, reserved 1114112K
  class space    used 9830K, committed 10048K, reserved 1048576K
}
Event: 18.104 GC heap before
{Heap before GC invocations=27 (full 0):
 garbage-first heap   total 73728K, used 59551K [0x00000000c2e00000, 0x0000000100000000)
  region size 1024K, 24 young (24576K), 4 survivors (4096K)
 Metaspace       used 73602K, committed 74176K, reserved 1114112K
  class space    used 10199K, committed 10432K, reserved 1048576K
}
Event: 18.114 GC heap after
{Heap after GC invocations=28 (full 0):
 garbage-first heap   total 73728K, used 40628K [0x00000000c2e00000, 0x0000000100000000)
  region size 1024K, 2 young (2048K), 2 survivors (2048K)
 Metaspace       used 73602K, committed 74176K, reserved 1114112K
  class space    used 10199K, committed 10432K, reserved 1048576K
}
Event: 18.156 GC heap before
{Heap before GC invocations=28 (full 0):
 garbage-first heap   total 73728K, used 41652K [0x00000000c2e00000, 0x0000000100000000)
  region size 1024K, 3 young (3072K), 2 survivors (2048K)
 Metaspace       used 73876K, committed 74496K, reserved 1114112K
  class space    used 10226K, committed 10496K, reserved 1048576K
}
Event: 18.161 GC heap after
{Heap after GC invocations=29 (full 0):
 garbage-first heap   total 73728K, used 40132K [0x00000000c2e00000, 0x0000000100000000)
  region size 1024K, 1 young (1024K), 1 survivors (1024K)
 Metaspace       used 73876K, committed 74496K, reserved 1114112K
  class space    used 10226K, committed 10496K, reserved 1048576K
}
Event: 19.370 GC heap before
{Heap before GC invocations=29 (full 0):
 garbage-first heap   total 73728K, used 58564K [0x00000000c2e00000, 0x0000000100000000)
  region size 1024K, 20 young (20480K), 1 survivors (1024K)
 Metaspace       used 78025K, committed 78656K, reserved 1179648K
  class space    used 10835K, committed 11136K, reserved 1048576K
}
Event: 19.376 GC heap after
{Heap after GC invocations=30 (full 0):
 garbage-first heap   total 73728K, used 40750K [0x00000000c2e00000, 0x0000000100000000)
  region size 1024K, 2 young (2048K), 2 survivors (2048K)
 Metaspace       used 78025K, committed 78656K, reserved 1179648K
  class space    used 10835K, committed 11136K, reserved 1048576K
}
Event: 218.813 GC heap before
{Heap before GC invocations=31 (full 0):
 garbage-first heap   total 73728K, used 52014K [0x00000000c2e00000, 0x0000000100000000)
  region size 1024K, 15 young (15360K), 2 survivors (2048K)
 Metaspace       used 78230K, committed 78784K, reserved 1179648K
  class space    used 10878K, committed 11136K, reserved 1048576K
}
Event: 219.656 GC heap after
{Heap after GC invocations=32 (full 1):
 garbage-first heap   total 73728K, used 32585K [0x00000000c2e00000, 0x0000000100000000)
  region size 1024K, 0 young (0K), 0 survivors (0K)
 Metaspace       used 78230K, committed 78784K, reserved 1179648K
  class space    used 10878K, committed 11136K, reserved 1048576K
}
Event: 227.343 GC heap before
{Heap before GC invocations=32 (full 1):
 garbage-first heap   total 73728K, used 58185K [0x00000000c2e00000, 0x0000000100000000)
  region size 1024K, 25 young (25600K), 0 survivors (0K)
 Metaspace       used 78277K, committed 78912K, reserved 1179648K
  class space    used 10887K, committed 11200K, reserved 1048576K
}
Event: 227.355 GC heap after
{Heap after GC invocations=33 (full 1):
 garbage-first heap   total 73728K, used 34677K [0x00000000c2e00000, 0x0000000100000000)
  region size 1024K, 3 young (3072K), 3 survivors (3072K)
 Metaspace       used 78277K, committed 78912K, reserved 1179648K
  class space    used 10887K, committed 11200K, reserved 1048576K
}
Event: 230.912 GC heap before
{Heap before GC invocations=34 (full 1):
 garbage-first heap   total 73728K, used 57205K [0x00000000c2e00000, 0x0000000100000000)
  region size 1024K, 26 young (26624K), 3 survivors (3072K)
 Metaspace       used 78005K, committed 78912K, reserved 1179648K
  class space    used 10818K, committed 11200K, reserved 1048576K
}
Event: 230.923 GC heap after
{Heap after GC invocations=35 (full 1):
 garbage-first heap   total 73728K, used 36681K [0x00000000c2e00000, 0x0000000100000000)
  region size 1024K, 4 young (4096K), 4 survivors (4096K)
 Metaspace       used 78005K, committed 78912K, reserved 1179648K
  class space    used 10818K, committed 11200K, reserved 1048576K
}
Event: 230.935 GC heap before
{Heap before GC invocations=35 (full 1):
 garbage-first heap   total 73728K, used 36681K [0x00000000c2e00000, 0x0000000100000000)
  region size 1024K, 5 young (5120K), 4 survivors (4096K)
 Metaspace       used 78005K, committed 78912K, reserved 1179648K
  class space    used 10818K, committed 11200K, reserved 1048576K
}
Event: 230.947 GC heap after
{Heap after GC invocations=36 (full 1):
 garbage-first heap   total 73728K, used 37182K [0x00000000c2e00000, 0x0000000100000000)
  region size 1024K, 1 young (1024K), 1 survivors (1024K)
 Metaspace       used 78005K, committed 78912K, reserved 1179648K
  class space    used 10818K, committed 11200K, reserved 1048576K
}
Event: 230.949 GC heap before
{Heap before GC invocations=36 (full 1):
 garbage-first heap   total 73728K, used 37182K [0x00000000c2e00000, 0x0000000100000000)
  region size 1024K, 2 young (2048K), 1 survivors (1024K)
 Metaspace       used 78005K, committed 78912K, reserved 1179648K
  class space    used 10818K, committed 11200K, reserved 1048576K
}

